2024/08/20 09:27:39 [emerg] 1#1: unknown "loggable" variable
2024/08/20 09:28:57 [notice] 1#1: using the "epoll" event method
2024/08/20 09:28:57 [notice] 1#1: nginx/1.24.0
2024/08/20 09:28:57 [notice] 1#1: built by gcc 12.2.1 20220924 (Alpine 12.2.1_git20220924-r4) 
2024/08/20 09:28:57 [notice] 1#1: OS: Linux 6.8.0-40-generic
2024/08/20 09:28:57 [notice] 1#1: getrlimit(RLIMIT_NOFILE): 1048576:1048576
2024/08/20 09:28:57 [notice] 1#1: start worker processes
2024/08/20 09:28:57 [notice] 1#1: start worker process 20
2024/08/20 09:28:57 [notice] 1#1: start worker process 21
2024/08/20 09:28:57 [notice] 1#1: start worker process 22
2024/08/20 09:28:57 [notice] 1#1: start worker process 23
2024/08/20 09:28:57 [notice] 1#1: start worker process 24
2024/08/20 09:28:57 [notice] 1#1: start worker process 25
2024/08/20 09:28:57 [notice] 1#1: start worker process 26
2024/08/20 09:28:57 [notice] 1#1: start worker process 27
2024/08/20 09:29:42 [notice] 1#1: signal 3 (SIGQUIT) received, shutting down
2024/08/20 09:29:42 [notice] 20#20: gracefully shutting down
2024/08/20 09:29:42 [notice] 25#25: gracefully shutting down
2024/08/20 09:29:42 [notice] 27#27: gracefully shutting down
2024/08/20 09:29:42 [notice] 23#23: gracefully shutting down
2024/08/20 09:29:42 [notice] 21#21: gracefully shutting down
2024/08/20 09:29:42 [notice] 25#25: exiting
2024/08/20 09:29:42 [notice] 27#27: exiting
2024/08/20 09:29:42 [notice] 23#23: exiting
2024/08/20 09:29:42 [notice] 21#21: exiting
2024/08/20 09:29:42 [notice] 20#20: exiting
2024/08/20 09:29:42 [notice] 27#27: exit
2024/08/20 09:29:42 [notice] 23#23: exit
2024/08/20 09:29:42 [notice] 20#20: exit
2024/08/20 09:29:42 [notice] 21#21: exit
2024/08/20 09:29:42 [notice] 25#25: exit
2024/08/20 09:29:42 [notice] 26#26: gracefully shutting down
2024/08/20 09:29:42 [notice] 22#22: gracefully shutting down
2024/08/20 09:29:42 [notice] 26#26: exiting
2024/08/20 09:29:42 [notice] 22#22: exiting
2024/08/20 09:29:42 [notice] 24#24: gracefully shutting down
2024/08/20 09:29:42 [notice] 24#24: exiting
2024/08/20 09:29:42 [notice] 22#22: exit
2024/08/20 09:29:42 [notice] 26#26: exit
2024/08/20 09:29:42 [notice] 24#24: exit
2024/08/20 09:29:42 [notice] 1#1: signal 17 (SIGCHLD) received from 23
2024/08/20 09:29:42 [notice] 1#1: worker process 20 exited with code 0
2024/08/20 09:29:42 [notice] 1#1: worker process 21 exited with code 0
2024/08/20 09:29:42 [notice] 1#1: worker process 23 exited with code 0
2024/08/20 09:29:42 [notice] 1#1: worker process 25 exited with code 0
2024/08/20 09:29:42 [notice] 1#1: worker process 27 exited with code 0
2024/08/20 09:29:42 [notice] 1#1: signal 29 (SIGIO) received
2024/08/20 09:29:42 [notice] 1#1: signal 17 (SIGCHLD) received from 20
2024/08/20 09:29:42 [notice] 1#1: worker process 22 exited with code 0
2024/08/20 09:29:42 [notice] 1#1: signal 29 (SIGIO) received
2024/08/20 09:29:42 [notice] 1#1: signal 17 (SIGCHLD) received from 26
2024/08/20 09:29:42 [notice] 1#1: worker process 26 exited with code 0
2024/08/20 09:29:42 [notice] 1#1: signal 17 (SIGCHLD) received from 24
2024/08/20 09:29:42 [notice] 1#1: worker process 24 exited with code 0
2024/08/20 09:29:42 [notice] 1#1: exit
2024/08/20 09:29:47 [notice] 1#1: using the "epoll" event method
2024/08/20 09:29:47 [notice] 1#1: nginx/1.24.0
2024/08/20 09:29:47 [notice] 1#1: built by gcc 12.2.1 20220924 (Alpine 12.2.1_git20220924-r4) 
2024/08/20 09:29:47 [notice] 1#1: OS: Linux 6.8.0-40-generic
2024/08/20 09:29:47 [notice] 1#1: getrlimit(RLIMIT_NOFILE): 1048576:1048576
2024/08/20 09:29:47 [notice] 1#1: start worker processes
2024/08/20 09:29:47 [notice] 1#1: start worker process 20
2024/08/20 09:29:47 [notice] 1#1: start worker process 21
2024/08/20 09:29:47 [notice] 1#1: start worker process 22
2024/08/20 09:29:47 [notice] 1#1: start worker process 23
2024/08/20 09:29:47 [notice] 1#1: start worker process 24
2024/08/20 09:29:47 [notice] 1#1: start worker process 25
2024/08/20 09:29:47 [notice] 1#1: start worker process 26
2024/08/20 09:29:47 [notice] 1#1: start worker process 27
2024/08/20 09:30:12 [notice] 1#1: signal 3 (SIGQUIT) received, shutting down
2024/08/20 09:30:12 [notice] 20#20: gracefully shutting down
2024/08/20 09:30:12 [notice] 24#24: gracefully shutting down
2024/08/20 09:30:12 [notice] 24#24: exiting
2024/08/20 09:30:12 [notice] 21#21: gracefully shutting down
2024/08/20 09:30:12 [notice] 21#21: exiting
2024/08/20 09:30:12 [notice] 20#20: exiting
2024/08/20 09:30:12 [notice] 24#24: exit
2024/08/20 09:30:12 [notice] 21#21: exit
2024/08/20 09:30:12 [notice] 20#20: exit
2024/08/20 09:30:12 [notice] 25#25: gracefully shutting down
2024/08/20 09:30:12 [notice] 25#25: exiting
2024/08/20 09:30:12 [notice] 22#22: gracefully shutting down
2024/08/20 09:30:12 [notice] 22#22: exiting
2024/08/20 09:30:12 [notice] 25#25: exit
2024/08/20 09:30:12 [notice] 22#22: exit
2024/08/20 09:30:12 [notice] 23#23: gracefully shutting down
2024/08/20 09:30:12 [notice] 23#23: exiting
2024/08/20 09:30:12 [notice] 23#23: exit
2024/08/20 09:30:12 [notice] 26#26: gracefully shutting down
2024/08/20 09:30:12 [notice] 26#26: exiting
2024/08/20 09:30:12 [notice] 27#27: gracefully shutting down
2024/08/20 09:30:12 [notice] 27#27: exiting
2024/08/20 09:30:12 [notice] 26#26: exit
2024/08/20 09:30:12 [notice] 27#27: exit
2024/08/20 09:30:12 [notice] 1#1: signal 17 (SIGCHLD) received from 20
2024/08/20 09:30:12 [notice] 1#1: worker process 20 exited with code 0
2024/08/20 09:30:12 [notice] 1#1: worker process 23 exited with code 0
2024/08/20 09:30:12 [notice] 1#1: worker process 26 exited with code 0
2024/08/20 09:30:12 [notice] 1#1: signal 29 (SIGIO) received
2024/08/20 09:30:12 [notice] 1#1: signal 17 (SIGCHLD) received from 23
2024/08/20 09:30:12 [notice] 1#1: signal 17 (SIGCHLD) received from 24
2024/08/20 09:30:12 [notice] 1#1: worker process 24 exited with code 0
2024/08/20 09:30:12 [notice] 1#1: signal 29 (SIGIO) received
2024/08/20 09:30:12 [notice] 1#1: signal 17 (SIGCHLD) received from 21
2024/08/20 09:30:12 [notice] 1#1: worker process 21 exited with code 0
2024/08/20 09:30:12 [notice] 1#1: worker process 22 exited with code 0
2024/08/20 09:30:12 [notice] 1#1: worker process 27 exited with code 0
2024/08/20 09:30:12 [notice] 1#1: signal 17 (SIGCHLD) received from 27
2024/08/20 09:30:12 [notice] 1#1: worker process 25 exited with code 0
2024/08/20 09:30:12 [notice] 1#1: exit
2024/08/20 09:30:25 [notice] 1#1: using the "epoll" event method
2024/08/20 09:30:25 [notice] 1#1: nginx/1.24.0
2024/08/20 09:30:25 [notice] 1#1: built by gcc 12.2.1 20220924 (Alpine 12.2.1_git20220924-r4) 
2024/08/20 09:30:25 [notice] 1#1: OS: Linux 6.8.0-40-generic
2024/08/20 09:30:25 [notice] 1#1: getrlimit(RLIMIT_NOFILE): 1048576:1048576
2024/08/20 09:30:25 [notice] 1#1: start worker processes
2024/08/20 09:30:25 [notice] 1#1: start worker process 20
2024/08/20 09:30:25 [notice] 1#1: start worker process 21
2024/08/20 09:30:25 [notice] 1#1: start worker process 22
2024/08/20 09:30:25 [notice] 1#1: start worker process 23
2024/08/20 09:30:25 [notice] 1#1: start worker process 24
2024/08/20 09:30:25 [notice] 1#1: start worker process 25
2024/08/20 09:30:25 [notice] 1#1: start worker process 26
2024/08/20 09:30:25 [notice] 1#1: start worker process 27
2024/08/20 09:33:50 [notice] 1#1: signal 3 (SIGQUIT) received, shutting down
2024/08/20 09:33:50 [notice] 20#20: gracefully shutting down
2024/08/20 09:33:50 [notice] 21#21: gracefully shutting down
2024/08/20 09:33:50 [notice] 20#20: exiting
2024/08/20 09:33:50 [notice] 21#21: exiting
2024/08/20 09:33:50 [notice] 22#22: gracefully shutting down
2024/08/20 09:33:50 [notice] 22#22: exiting
2024/08/20 09:33:50 [notice] 26#26: gracefully shutting down
2024/08/20 09:33:50 [notice] 26#26: exiting
2024/08/20 09:33:50 [notice] 20#20: exit
2024/08/20 09:33:50 [notice] 21#21: exit
2024/08/20 09:33:50 [notice] 22#22: exit
2024/08/20 09:33:50 [notice] 26#26: exit
2024/08/20 09:33:50 [notice] 23#23: gracefully shutting down
2024/08/20 09:33:50 [notice] 23#23: exiting
2024/08/20 09:33:50 [notice] 25#25: gracefully shutting down
2024/08/20 09:33:50 [notice] 24#24: gracefully shutting down
2024/08/20 09:33:50 [notice] 25#25: exiting
2024/08/20 09:33:50 [notice] 24#24: exiting
2024/08/20 09:33:50 [notice] 25#25: exit
2024/08/20 09:33:50 [notice] 24#24: exit
2024/08/20 09:33:50 [notice] 23#23: exit
2024/08/20 09:33:50 [notice] 27#27: gracefully shutting down
2024/08/20 09:33:50 [notice] 27#27: exiting
2024/08/20 09:33:50 [notice] 27#27: exit
2024/08/20 09:33:50 [notice] 1#1: signal 17 (SIGCHLD) received from 27
2024/08/20 09:33:50 [notice] 1#1: worker process 27 exited with code 0
2024/08/20 09:33:50 [notice] 1#1: signal 29 (SIGIO) received
2024/08/20 09:33:50 [notice] 1#1: signal 17 (SIGCHLD) received from 20
2024/08/20 09:33:50 [notice] 1#1: worker process 20 exited with code 0
2024/08/20 09:33:50 [notice] 1#1: signal 29 (SIGIO) received
2024/08/20 09:33:50 [notice] 1#1: signal 17 (SIGCHLD) received from 23
2024/08/20 09:33:50 [notice] 1#1: worker process 22 exited with code 0
2024/08/20 09:33:50 [notice] 1#1: worker process 23 exited with code 0
2024/08/20 09:33:50 [notice] 1#1: worker process 26 exited with code 0
2024/08/20 09:33:50 [notice] 1#1: signal 29 (SIGIO) received
2024/08/20 09:33:50 [notice] 1#1: signal 17 (SIGCHLD) received from 26
2024/08/20 09:33:50 [notice] 1#1: signal 17 (SIGCHLD) received from 21
2024/08/20 09:33:50 [notice] 1#1: worker process 21 exited with code 0
2024/08/20 09:33:50 [notice] 1#1: signal 29 (SIGIO) received
2024/08/20 09:33:50 [notice] 1#1: signal 17 (SIGCHLD) received from 25
2024/08/20 09:33:50 [notice] 1#1: worker process 25 exited with code 0
2024/08/20 09:33:50 [notice] 1#1: signal 29 (SIGIO) received
2024/08/20 09:33:50 [notice] 1#1: signal 17 (SIGCHLD) received from 24
2024/08/20 09:33:50 [notice] 1#1: worker process 24 exited with code 0
2024/08/20 09:33:50 [notice] 1#1: exit
2024/08/20 09:33:57 [notice] 1#1: using the "epoll" event method
2024/08/20 09:33:57 [notice] 1#1: nginx/1.24.0
2024/08/20 09:33:57 [notice] 1#1: built by gcc 12.2.1 20220924 (Alpine 12.2.1_git20220924-r4) 
2024/08/20 09:33:57 [notice] 1#1: OS: Linux 6.8.0-40-generic
2024/08/20 09:33:57 [notice] 1#1: getrlimit(RLIMIT_NOFILE): 1048576:1048576
2024/08/20 09:33:57 [notice] 1#1: start worker processes
2024/08/20 09:33:57 [notice] 1#1: start worker process 20
2024/08/20 09:33:57 [notice] 1#1: start worker process 21
2024/08/20 09:33:57 [notice] 1#1: start worker process 22
2024/08/20 09:33:57 [notice] 1#1: start worker process 23
2024/08/20 09:33:57 [notice] 1#1: start worker process 24
2024/08/20 09:33:57 [notice] 1#1: start worker process 25
2024/08/20 09:33:57 [notice] 1#1: start worker process 26
2024/08/20 09:33:57 [notice] 1#1: start worker process 27
2024/08/20 09:34:00 [notice] 1#1: signal 3 (SIGQUIT) received, shutting down
2024/08/20 09:34:00 [notice] 20#20: gracefully shutting down
2024/08/20 09:34:00 [notice] 23#23: gracefully shutting down
2024/08/20 09:34:00 [notice] 20#20: exiting
2024/08/20 09:34:00 [notice] 23#23: exiting
2024/08/20 09:34:00 [notice] 20#20: exit
2024/08/20 09:34:00 [notice] 21#21: gracefully shutting down
2024/08/20 09:34:00 [notice] 21#21: exiting
2024/08/20 09:34:00 [notice] 23#23: exit
2024/08/20 09:34:00 [notice] 21#21: exit
2024/08/20 09:34:00 [notice] 27#27: gracefully shutting down
2024/08/20 09:34:00 [notice] 22#22: gracefully shutting down
2024/08/20 09:34:00 [notice] 27#27: exiting
2024/08/20 09:34:00 [notice] 22#22: exiting
2024/08/20 09:34:00 [notice] 27#27: exit
2024/08/20 09:34:00 [notice] 22#22: exit
2024/08/20 09:34:00 [notice] 25#25: gracefully shutting down
2024/08/20 09:34:00 [notice] 25#25: exiting
2024/08/20 09:34:00 [notice] 24#24: gracefully shutting down
2024/08/20 09:34:00 [notice] 24#24: exiting
2024/08/20 09:34:00 [notice] 25#25: exit
2024/08/20 09:34:00 [notice] 24#24: exit
2024/08/20 09:34:00 [notice] 26#26: gracefully shutting down
2024/08/20 09:34:00 [notice] 26#26: exiting
2024/08/20 09:34:00 [notice] 26#26: exit
2024/08/20 09:34:00 [notice] 1#1: signal 17 (SIGCHLD) received from 23
2024/08/20 09:34:00 [notice] 1#1: worker process 23 exited with code 0
2024/08/20 09:34:00 [notice] 1#1: signal 29 (SIGIO) received
2024/08/20 09:34:00 [notice] 1#1: signal 17 (SIGCHLD) received from 27
2024/08/20 09:34:00 [notice] 1#1: worker process 27 exited with code 0
2024/08/20 09:34:00 [notice] 1#1: signal 29 (SIGIO) received
2024/08/20 09:34:00 [notice] 1#1: signal 17 (SIGCHLD) received from 21
2024/08/20 09:34:00 [notice] 1#1: worker process 21 exited with code 0
2024/08/20 09:34:00 [notice] 1#1: signal 29 (SIGIO) received
2024/08/20 09:34:00 [notice] 1#1: signal 17 (SIGCHLD) received from 22
2024/08/20 09:34:00 [notice] 1#1: worker process 20 exited with code 0
2024/08/20 09:34:00 [notice] 1#1: worker process 22 exited with code 0
2024/08/20 09:34:00 [notice] 1#1: worker process 24 exited with code 0
2024/08/20 09:34:00 [notice] 1#1: signal 29 (SIGIO) received
2024/08/20 09:34:00 [notice] 1#1: signal 17 (SIGCHLD) received from 26
2024/08/20 09:34:00 [notice] 1#1: worker process 26 exited with code 0
2024/08/20 09:34:00 [notice] 1#1: signal 29 (SIGIO) received
2024/08/20 09:34:00 [notice] 1#1: signal 17 (SIGCHLD) received from 25
2024/08/20 09:34:00 [notice] 1#1: worker process 25 exited with code 0
2024/08/20 09:34:00 [notice] 1#1: exit
2024/08/20 09:34:02 [notice] 1#1: using the "epoll" event method
2024/08/20 09:34:02 [notice] 1#1: nginx/1.24.0
2024/08/20 09:34:02 [notice] 1#1: built by gcc 12.2.1 20220924 (Alpine 12.2.1_git20220924-r4) 
2024/08/20 09:34:02 [notice] 1#1: OS: Linux 6.8.0-40-generic
2024/08/20 09:34:02 [notice] 1#1: getrlimit(RLIMIT_NOFILE): 1048576:1048576
2024/08/20 09:34:02 [notice] 1#1: start worker processes
2024/08/20 09:34:02 [notice] 1#1: start worker process 20
2024/08/20 09:34:02 [notice] 1#1: start worker process 21
2024/08/20 09:34:02 [notice] 1#1: start worker process 22
2024/08/20 09:34:02 [notice] 1#1: start worker process 23
2024/08/20 09:34:02 [notice] 1#1: start worker process 24
2024/08/20 09:34:02 [notice] 1#1: start worker process 25
2024/08/20 09:34:02 [notice] 1#1: start worker process 26
2024/08/20 09:34:02 [notice] 1#1: start worker process 27
2024/08/20 09:34:49 [notice] 1#1: signal 3 (SIGQUIT) received, shutting down
2024/08/20 09:34:49 [notice] 20#20: gracefully shutting down
2024/08/20 09:34:49 [notice] 21#21: gracefully shutting down
2024/08/20 09:34:49 [notice] 26#26: gracefully shutting down
2024/08/20 09:34:49 [notice] 23#23: gracefully shutting down
2024/08/20 09:34:49 [notice] 21#21: exiting
2024/08/20 09:34:49 [notice] 26#26: exiting
2024/08/20 09:34:49 [notice] 23#23: exiting
2024/08/20 09:34:49 [notice] 22#22: gracefully shutting down
2024/08/20 09:34:49 [notice] 20#20: exiting
2024/08/20 09:34:49 [notice] 22#22: exiting
2024/08/20 09:34:49 [notice] 23#23: exit
2024/08/20 09:34:49 [notice] 26#26: exit
2024/08/20 09:34:49 [notice] 20#20: exit
2024/08/20 09:34:49 [notice] 22#22: exit
2024/08/20 09:34:49 [notice] 21#21: exit
2024/08/20 09:34:49 [notice] 24#24: gracefully shutting down
2024/08/20 09:34:49 [notice] 24#24: exiting
2024/08/20 09:34:49 [notice] 24#24: exit
2024/08/20 09:34:49 [notice] 27#27: gracefully shutting down
2024/08/20 09:34:49 [notice] 27#27: exiting
2024/08/20 09:34:49 [notice] 27#27: exit
2024/08/20 09:34:49 [notice] 25#25: gracefully shutting down
2024/08/20 09:34:49 [notice] 25#25: exiting
2024/08/20 09:34:49 [notice] 25#25: exit
2024/08/20 09:34:49 [notice] 1#1: signal 17 (SIGCHLD) received from 20
2024/08/20 09:34:49 [notice] 1#1: worker process 20 exited with code 0
2024/08/20 09:34:49 [notice] 1#1: worker process 24 exited with code 0
2024/08/20 09:34:49 [notice] 1#1: worker process 27 exited with code 0
2024/08/20 09:34:49 [notice] 1#1: signal 29 (SIGIO) received
2024/08/20 09:34:49 [notice] 1#1: signal 17 (SIGCHLD) received from 27
2024/08/20 09:34:49 [notice] 1#1: signal 17 (SIGCHLD) received from 23
2024/08/20 09:34:49 [notice] 1#1: worker process 21 exited with code 0
2024/08/20 09:34:49 [notice] 1#1: worker process 23 exited with code 0
2024/08/20 09:34:49 [notice] 1#1: signal 29 (SIGIO) received
2024/08/20 09:34:49 [notice] 1#1: signal 17 (SIGCHLD) received from 25
2024/08/20 09:34:49 [notice] 1#1: worker process 25 exited with code 0
2024/08/20 09:34:49 [notice] 1#1: signal 29 (SIGIO) received
2024/08/20 09:34:49 [notice] 1#1: signal 17 (SIGCHLD) received from 26
2024/08/20 09:34:49 [notice] 1#1: worker process 26 exited with code 0
2024/08/20 09:34:49 [notice] 1#1: signal 29 (SIGIO) received
2024/08/20 09:34:49 [notice] 1#1: signal 17 (SIGCHLD) received from 22
2024/08/20 09:34:49 [notice] 1#1: worker process 22 exited with code 0
2024/08/20 09:34:49 [notice] 1#1: exit
2024/08/20 09:34:54 [notice] 1#1: using the "epoll" event method
2024/08/20 09:34:54 [notice] 1#1: nginx/1.24.0
2024/08/20 09:34:54 [notice] 1#1: built by gcc 12.2.1 20220924 (Alpine 12.2.1_git20220924-r4) 
2024/08/20 09:34:54 [notice] 1#1: OS: Linux 6.8.0-40-generic
2024/08/20 09:34:54 [notice] 1#1: getrlimit(RLIMIT_NOFILE): 1048576:1048576
2024/08/20 09:34:54 [notice] 1#1: start worker processes
2024/08/20 09:34:54 [notice] 1#1: start worker process 20
2024/08/20 09:34:54 [notice] 1#1: start worker process 21
2024/08/20 09:34:54 [notice] 1#1: start worker process 22
2024/08/20 09:34:54 [notice] 1#1: start worker process 23
2024/08/20 09:34:54 [notice] 1#1: start worker process 24
2024/08/20 09:34:54 [notice] 1#1: start worker process 25
2024/08/20 09:34:54 [notice] 1#1: start worker process 26
2024/08/20 09:34:54 [notice] 1#1: start worker process 27
2024/08/20 09:39:19 [notice] 1#1: signal 3 (SIGQUIT) received, shutting down
2024/08/20 09:39:19 [notice] 20#20: gracefully shutting down
2024/08/20 09:39:19 [notice] 20#20: exiting
2024/08/20 09:39:19 [notice] 21#21: gracefully shutting down
2024/08/20 09:39:19 [notice] 26#26: gracefully shutting down
2024/08/20 09:39:19 [notice] 25#25: gracefully shutting down
2024/08/20 09:39:19 [notice] 26#26: exiting
2024/08/20 09:39:19 [notice] 23#23: gracefully shutting down
2024/08/20 09:39:19 [notice] 25#25: exiting
2024/08/20 09:39:19 [notice] 23#23: exiting
2024/08/20 09:39:19 [notice] 20#20: exit
2024/08/20 09:39:19 [notice] 26#26: exit
2024/08/20 09:39:19 [notice] 25#25: exit
2024/08/20 09:39:19 [notice] 23#23: exit
2024/08/20 09:39:19 [notice] 27#27: gracefully shutting down
2024/08/20 09:39:19 [notice] 27#27: exiting
2024/08/20 09:39:19 [notice] 27#27: exit
2024/08/20 09:39:19 [notice] 21#21: exiting
2024/08/20 09:39:19 [notice] 22#22: gracefully shutting down
2024/08/20 09:39:19 [notice] 22#22: exiting
2024/08/20 09:39:19 [notice] 21#21: exit
2024/08/20 09:39:19 [notice] 22#22: exit
2024/08/20 09:39:19 [notice] 24#24: gracefully shutting down
2024/08/20 09:39:19 [notice] 24#24: exiting
2024/08/20 09:39:19 [notice] 24#24: exit
2024/08/20 09:39:19 [notice] 1#1: signal 17 (SIGCHLD) received from 20
2024/08/20 09:39:19 [notice] 1#1: worker process 20 exited with code 0
2024/08/20 09:39:19 [notice] 1#1: worker process 23 exited with code 0
2024/08/20 09:39:19 [notice] 1#1: worker process 26 exited with code 0
2024/08/20 09:39:19 [notice] 1#1: signal 29 (SIGIO) received
2024/08/20 09:39:19 [notice] 1#1: signal 17 (SIGCHLD) received from 26
2024/08/20 09:39:19 [notice] 1#1: signal 17 (SIGCHLD) received from 24
2024/08/20 09:39:19 [notice] 1#1: worker process 24 exited with code 0
2024/08/20 09:39:19 [notice] 1#1: signal 29 (SIGIO) received
2024/08/20 09:39:19 [notice] 1#1: signal 17 (SIGCHLD) received from 27
2024/08/20 09:39:19 [notice] 1#1: worker process 27 exited with code 0
2024/08/20 09:39:19 [notice] 1#1: signal 29 (SIGIO) received
2024/08/20 09:39:19 [notice] 1#1: signal 17 (SIGCHLD) received from 22
2024/08/20 09:39:19 [notice] 1#1: worker process 22 exited with code 0
2024/08/20 09:39:19 [notice] 1#1: signal 29 (SIGIO) received
2024/08/20 09:39:19 [notice] 1#1: signal 17 (SIGCHLD) received from 25
2024/08/20 09:39:19 [notice] 1#1: worker process 25 exited with code 0
2024/08/20 09:39:19 [notice] 1#1: signal 17 (SIGCHLD) received from 21
2024/08/20 09:39:19 [notice] 1#1: worker process 21 exited with code 0
2024/08/20 09:39:19 [notice] 1#1: exit
2024/08/20 09:39:25 [notice] 1#1: using the "epoll" event method
2024/08/20 09:39:25 [notice] 1#1: nginx/1.24.0
2024/08/20 09:39:25 [notice] 1#1: built by gcc 12.2.1 20220924 (Alpine 12.2.1_git20220924-r4) 
2024/08/20 09:39:25 [notice] 1#1: OS: Linux 6.8.0-40-generic
2024/08/20 09:39:25 [notice] 1#1: getrlimit(RLIMIT_NOFILE): 1048576:1048576
2024/08/20 09:39:25 [notice] 1#1: start worker processes
2024/08/20 09:39:25 [notice] 1#1: start worker process 20
2024/08/20 09:39:25 [notice] 1#1: start worker process 21
2024/08/20 09:39:25 [notice] 1#1: start worker process 22
2024/08/20 09:39:25 [notice] 1#1: start worker process 23
2024/08/20 09:39:25 [notice] 1#1: start worker process 24
2024/08/20 09:39:25 [notice] 1#1: start worker process 25
2024/08/20 09:39:25 [notice] 1#1: start worker process 26
2024/08/20 09:39:25 [notice] 1#1: start worker process 27
